c:\users\ceust\source\repos\sdl2_exercise\x64\debug\engine.pdb
c:\users\ceust\source\repos\sdl2_exercise\x64\debug\engine.idb
c:\users\ceust\source\repos\sdl2_exercise\x64\debug\vector2d.obj
c:\users\ceust\source\repos\sdl2_exercise\x64\debug\sdl2_exercise.obj
c:\users\ceust\source\repos\sdl2_exercise\x64\debug\rendertarget.obj
c:\users\ceust\source\repos\sdl2_exercise\x64\debug\level.obj
c:\users\ceust\source\repos\sdl2_exercise\x64\debug\animation.obj
c:\users\ceust\source\repos\sdl2_exercise\x64\debug\actor.obj
c:\users\ceust\source\repos\sdl2_exercise\x64\debug\pawn.obj
c:\users\ceust\source\repos\sdl2_exercise\x64\debug\texture.obj
c:\users\ceust\source\repos\sdl2_exercise\x64\debug\tileset.obj
c:\users\ceust\source\repos\sdl2_exercise\x64\debug\window.obj
c:\users\ceust\source\repos\sdl2_exercise\x64\debug\engine.obj
c:\users\ceust\source\repos\sdl2_exercise\x64\debug\engine.lib
c:\users\ceust\source\repos\sdl2_exercise\x64\debug\sdl2_exercise.ilk
c:\users\ceust\source\repos\sdl2_exercise\x64\debug\vc143.idb
c:\users\ceust\source\repos\sdl2_exercise\x64\debug\game.pdb
c:\users\ceust\source\repos\sdl2_exercise\x64\debug\sdl2_exercise.pdb
c:\users\ceust\source\repos\sdl2_exercise\x64\debug\vc143.pdb
c:\users\ceust\source\repos\sdl2_exercise\x64\debug\engine.tlog\cl.command.1.tlog
c:\users\ceust\source\repos\sdl2_exercise\x64\debug\engine.tlog\cl.read.1.tlog
c:\users\ceust\source\repos\sdl2_exercise\x64\debug\engine.tlog\cl.write.1.tlog
c:\users\ceust\source\repos\sdl2_exercise\x64\debug\engine.tlog\lib-link.read.1.tlog
c:\users\ceust\source\repos\sdl2_exercise\x64\debug\engine.tlog\lib-link.write.1.tlog
c:\users\ceust\source\repos\sdl2_exercise\x64\debug\engine.tlog\lib.command.1.tlog
