C:\Program Files\Microsoft Visual Studio\2022\Community\MSBuild\Microsoft\VC\v170\Microsoft.CppBuild.targets(517,5): warning MSB8028: The intermediate directory (x64\Debug\) contains files shared from another project (SDL2_exercise.vcxproj).  This can lead to incorrect clean and rebuild behavior.
Engine.lib(Texture.obj) : error LNK2019: unresolved external symbol stbi_load referenced in function "public: __cdecl Texture::Texture(void)" (??0Texture@@QEAA@XZ)
Engine.lib(Texture.obj) : error LNK2019: unresolved external symbol stbi_image_free referenced in function "public: __cdecl Texture::Texture(void)" (??0Texture@@QEAA@XZ)
Engine.lib(Texture.obj) : error LNK2019: unresolved external symbol stbi_set_flip_vertically_on_load referenced in function "public: __cdecl Texture::Texture(void)" (??0Texture@@QEAA@XZ)
Engine.lib(Texture.obj) : error LNK2001: unresolved external symbol glad_glTexParameteri
Engine.lib(Texture.obj) : error LNK2001: unresolved external symbol glad_glTexImage2D
Engine.lib(Texture.obj) : error LNK2001: unresolved external symbol glad_glClear
Engine.lib(Texture.obj) : error LNK2001: unresolved external symbol glad_glDrawElements
Engine.lib(Texture.obj) : error LNK2001: unresolved external symbol glad_glBindTexture
Engine.lib(Texture.obj) : error LNK2001: unresolved external symbol glad_glGenTextures
Engine.lib(Texture.obj) : error LNK2001: unresolved external symbol glad_glActiveTexture
Engine.lib(Texture.obj) : error LNK2001: unresolved external symbol glad_glBindBuffer
Engine.lib(Texture.obj) : error LNK2001: unresolved external symbol glad_glGenBuffers
Engine.lib(Texture.obj) : error LNK2001: unresolved external symbol glad_glBufferData
Engine.lib(Texture.obj) : error LNK2001: unresolved external symbol glad_glAttachShader
Engine.lib(Texture.obj) : error LNK2001: unresolved external symbol glad_glCompileShader
Engine.lib(Texture.obj) : error LNK2001: unresolved external symbol glad_glCreateProgram
Engine.lib(Texture.obj) : error LNK2001: unresolved external symbol glad_glCreateShader
Engine.lib(Texture.obj) : error LNK2001: unresolved external symbol glad_glDeleteShader
Engine.lib(Texture.obj) : error LNK2001: unresolved external symbol glad_glEnableVertexAttribArray
Engine.lib(Texture.obj) : error LNK2001: unresolved external symbol glad_glGetAttribLocation
Engine.lib(Texture.obj) : error LNK2001: unresolved external symbol glad_glGetProgramiv
Engine.lib(Texture.obj) : error LNK2001: unresolved external symbol glad_glGetProgramInfoLog
Engine.lib(Texture.obj) : error LNK2001: unresolved external symbol glad_glGetShaderiv
Engine.lib(Texture.obj) : error LNK2001: unresolved external symbol glad_glGetShaderInfoLog
Engine.lib(Texture.obj) : error LNK2001: unresolved external symbol glad_glLinkProgram
Engine.lib(Texture.obj) : error LNK2001: unresolved external symbol glad_glShaderSource
Engine.lib(Texture.obj) : error LNK2001: unresolved external symbol glad_glUseProgram
Engine.lib(Texture.obj) : error LNK2001: unresolved external symbol glad_glVertexAttribPointer
Engine.lib(Texture.obj) : error LNK2001: unresolved external symbol glad_glGenerateMipmap
Engine.lib(Texture.obj) : error LNK2001: unresolved external symbol glad_glBindVertexArray
Engine.lib(Texture.obj) : error LNK2001: unresolved external symbol glad_glGenVertexArrays
C:\Users\ceust\source\repos\SDL2_exercise\x64\Debug\Game.exe : fatal error LNK1120: 31 unresolved externals
